<?xml version="1.0" encoding="UTF-8"?>
<!-- Generated by org.testng.reporters.JUnitXMLReporter -->
<testsuite ignored="6" hostname="HP" failures="0" tests="1" name="Test" time="12.525" errors="0" timestamp="2022-08-09T13:48:51 IST">
  <testcase classname="CreateProduct.CreateProduct" name="modifyContact" time="0.011"/>
  <testcase classname="CreateCampaign.CreateCampaignUsingPOM" name="CreateCampaign" time="0.0">
    <ignored/>
  </testcase> <!-- CreateCampaign -->
  <testcase classname="com.crm.GenericUtility.BaseClass" name="@AfterTest At" time="0.0">
    <ignored/>
  </testcase> <!-- @AfterTest At -->
  <testcase classname="com.crm.GenericUtility.BaseClass" name="@BeforeTest BT" time="0.0">
    <ignored/>
  </testcase> <!-- @BeforeTest BT -->
  <testcase classname="com.crm.GenericUtility.BaseClass" name="@AfterSuite AS" time="0.0">
    <ignored/>
  </testcase> <!-- @AfterSuite AS -->
  <testcase classname="com.crm.GenericUtility.BaseClass" name="@BeforeSuite BS" time="0.0">
    <ignored/>
  </testcase> <!-- @BeforeSuite BS -->
  <testcase classname="CreateProduct.CreateProduct" name="CreateProduct" time="0.0">
    <ignored/>
  </testcase> <!-- CreateProduct -->
</testsuite> <!-- Test -->
