<?xml version="1.0" encoding="UTF-8"?>
<!-- Generated by org.testng.reporters.JUnitXMLReporter -->
<testsuite ignored="0" hostname="HP" failures="1" tests="1" name="Default test(failed)(failed)" time="14.616" errors="0" timestamp="2022-08-09T14:44:45 IST">
  <testcase classname="CreateCampaign.CreateCampaignUsingPOM" name="CreateCampaign" time="6.387">
    <failure type="java.lang.AssertionError" message="expected [true] but found [false]">
      <![CDATA[java.lang.AssertionError: expected [true] but found [false]
at CreateCampaign.CreateCampaignUsingPOM.CreateCampaign(CreateCampaignUsingPOM.java:56)
at java.base/java.util.ArrayList.forEach(ArrayList.java:1511)
... Removed 33 stack frames]]>
    </failure>
  </testcase> <!-- CreateCampaign -->
</testsuite> <!-- Default test(failed)(failed) -->
