<?xml version="1.0" encoding="UTF-8"?>
<testng-results ignored="0" total="1" passed="1" failed="0" skipped="0">
  <reporter-output>
  </reporter-output>
  <suite started-at="2022-08-17T18:09:53 IST" name="Default suite" finished-at="2022-08-17T18:09:59 IST" duration-ms="5688">
    <groups>
    </groups>
    <test started-at="2022-08-17T18:09:53 IST" name="Default test" finished-at="2022-08-17T18:09:59 IST" duration-ms="5688">
      <class name="JenkinsPactise.DemoTest">
        <test-method signature="demoTest()[pri:0, instance:JenkinsPactise.DemoTest@6f27a732]" started-at="2022-08-17T18:09:53 IST" name="demoTest" finished-at="2022-08-17T18:09:59 IST" duration-ms="5628" status="PASS">
          <reporter-output>
          </reporter-output>
        </test-method> <!-- demoTest -->
      </class> <!-- JenkinsPactise.DemoTest -->
    </test> <!-- Default test -->
  </suite> <!-- Default suite -->
</testng-results>
